SH SERIES C/C++ Compiler (Ver. 6.0C)                                                                 13-Jul-2015 16:57:49  PAGE    1

************ OBJECT LISTING ************

FILE NAME: C:\Casio Projets\Etoile\Game.cpp

SCT OFFSET   CODE       C LABEL     INSTRUCTION OPERAND    COMMENT

        Game.cpp     1    /****************************************************************************/
        Game.cpp     2    /*                                                                          */
        Game.cpp     3    /*                                  GAME                                    */
        Game.cpp     4    /*                                                                          */
        Game.cpp     5    /****************************************************************************/
        Game.cpp     6    
        Game.cpp     7    #include "Game.hpp"
        Game.cpp     8    
        Game.cpp     9    /****************************************************************************/
        Game.cpp    10    /*                             INITIALSATION                                */
        Game.cpp    11    /****************************************************************************/
        Game.cpp    12    Game::Game()
P   00000000              ___ct__4GameFv:                  ; function: Game::Game()
                                                           ; frame size=8
    00000000 4F22                   STS.L       PR,@-R15
        Game.cpp    13    {
    00000002 6343                   MOV         R4,R3
    00000004 7FFC                   ADD         #-4,R15
    00000006 2338                   TST         R3,R3
    00000008 8F06                   BF/S        L240
    0000000A 2F42                   MOV.L       R4,@R15
    0000000C D306                   MOV.L       L242,R3    ; ___nw__FUl
    0000000E 430B                   JSR         @R3
    00000010 E428                   MOV         #40,R4
    00000012 2008                   TST         R0,R0
    00000014 8D03                   BT/S        L239
    00000016 2F02                   MOV.L       R0,@R15
    00000018              L240:                             
    00000018 D304                   MOV.L       L242+4,R3  ; ___ct__6CameraFv
    0000001A 430B                   JSR         @R3
    0000001C 64F2                   MOV.L       @R15,R4
    0000001E              L239:                             
    0000001E 60F2                   MOV.L       @R15,R0
        Game.cpp    14    
        Game.cpp    15    }
    00000020 7F04                   ADD         #4,R15
    00000022 4F26                   LDS.L       @R15+,PR
    00000024 000B                   RTS
    00000026 0009                   NOP
    00000028              L242:                             
    00000028 <00000000>             .DATA.L     ___nw__FUl
    0000002C <00000000>             .DATA.L     ___ct__6CameraFv
















SH SERIES C/C++ Compiler (Ver. 6.0C)                                                                 13-Jul-2015 16:57:49  PAGE    1


******** STATISTICS INFORMATION ********


********** ERROR INFORMATION ***********

NUMBER OF ERRORS:           0
NUMBER OF WARNINGS:         0




******* SOURCE LINE INFORMATION ********

COMPILED SOURCE LINE:       15



******* SECTION SIZE INFORMATION *******

PROGRAM  SECTION (P):                               00000030 Byte(s)
CONSTANT SECTION (C):                               00000000 Byte(s)
DATA     SECTION (D):                               00000000 Byte(s)
BSS      SECTION (B):                               00000000 Byte(s)

 TOTAL PROGRAM SIZE: 00000030 Byte(s)



********** LABEL INFORMATION ***********

NUMBER OF EXTERNAL REFERENCE SYMBOLS:            2
NUMBER OF EXTERNAL DEFINITION SYMBOLS:           1
NUMBER OF INTERNAL/EXTERNAL SYMBOLS:             6






























*** COMMAND PARAMETER ***


  -subcommand=C:\Users\OLIVIE~1\AppData\Local\Temp\hmk99DD.tmp 

