SH SERIES C/C++ Compiler (Ver. 6.0C)                                                                 13-Jul-2015 16:57:49  PAGE    1

************ OBJECT LISTING ************

FILE NAME: C:\Casio Projets\Etoile\Time.c

SCT OFFSET   CODE       C LABEL     INSTRUCTION OPERAND    COMMENT

          Time.c     1    /****************************************************************************/
          Time.c     2    /*                                                                          */
          Time.c     3    /*                                  TIME                                    */
          Time.c     4    /*                                                                          */
          Time.c     5    /* Par NineStars                                                            */
          Time.c     6    /****************************************************************************/
          Time.c     7    
          Time.c     8    #include "Time.h"
          Time.c     9    
          Time.c    10    #define SCA 0xD201D002
          Time.c    11    #define SCB 0x422B0009
          Time.c    12    #define SCE 0x80010070
          Time.c    13    
          Time.c    14    typedef int(*sc_iv) (void);
          Time.c    15    const unsigned int sc003ba[] = {SCA, SCB, SCE, 0x3B};
          Time.c    16    
          Time.c    17    #define RTC_GetTicks (*(sc_iv)sc003ba)
          Time.c    18    
          Time.c    19    int time_get_ticks()
P   00000000              _time_get_ticks:                 ; function: time_get_ticks
                                                           ; frame size=0
          Time.c    20    {
          Time.c    21            return RTC_GetTicks();
    00000000 D01C                   MOV.L       L258+4,R0  ; _sc003ba
    00000002 402B                   JMP         @R0
    00000004 0009                   NOP
          Time.c    22    }
          Time.c    23    
          Time.c    24    int time_get_fps()
    00000006              _time_get_fps:                   ; function: time_get_fps
                                                           ; frame size=8
    00000006 2FE6                   MOV.L       R14,@-R15
    00000008 4F22                   STS.L       PR,@-R15
          Time.c    25    {
          Time.c    26        static unsigned int fps = 0, fps_count = 0, time = 0;
          Time.c    27    
          Time.c    28        if( time_get_ticks() - time >= 128)
    0000000A DE1B                   MOV.L       L258+8,R14 ; __$fps_count$240
    0000000C BFF8                   BSR         _time_get_ticks
    0000000E 0009                   NOP
    00000010 D31A                   MOV.L       L258+12,R3 ; __$time$241
    00000012 6232                   MOV.L       @R3,R2
    00000014 912C                   MOV.W       L258,R1    ; H'0080
    00000016 3028                   SUB         R2,R0
    00000018 3012                   CMP/HS      R1,R0
    0000001A 8B09                   BF          L254
          Time.c    29                    {
          Time.c    30                            fps = fps_count;
    0000001C 60E2                   MOV.L       @R14,R0
          Time.c    31                            fps_count = 1;
    0000001E E201                   MOV         #1,R2
    00000020 D317                   MOV.L       L258+16,R3 ; __$fps$239
    00000022 2302                   MOV.L       R0,@R3
    00000024 2E22                   MOV.L       R2,@R14




SH SERIES C/C++ Compiler (Ver. 6.0C)                                                                 13-Jul-2015 16:57:49  PAGE    2


SCT OFFSET   CODE       C LABEL     INSTRUCTION OPERAND    COMMENT

          Time.c    32                            time = time_get_ticks();
    00000026 BFEB                   BSR         _time_get_ticks
    00000028 0009                   NOP
    0000002A D314                   MOV.L       L258+12,R3 ; __$time$241
    0000002C A003                   BRA         L255
    0000002E 2302                   MOV.L       R0,@R3
    00000030              L254:                             
          Time.c    33                    } else fps_count++;
    00000030 63E2                   MOV.L       @R14,R3
    00000032 7301                   ADD         #1,R3
    00000034 2E32                   MOV.L       R3,@R14
    00000036              L255:                             
          Time.c    34    
          Time.c    35    return fps;
    00000036 D212                   MOV.L       L258+16,R2 ; __$fps$239
          Time.c    36    }
    00000038 4F26                   LDS.L       @R15+,PR
    0000003A 6022                   MOV.L       @R2,R0
    0000003C 000B                   RTS
    0000003E 6EF6                   MOV.L       @R15+,R14
          Time.c    37    
          Time.c    38    
          Time.c    39    void time_set_fps(int fps_wish)
    00000040              _time_set_fps:                   ; function: time_set_fps
                                                           ; frame size=16
    00000040 2FE6                   MOV.L       R14,@-R15
    00000042 2FD6                   MOV.L       R13,@-R15
    00000044 4F22                   STS.L       PR,@-R15
    00000046 7FFC                   ADD         #-4,R15
    00000048 DD0E                   MOV.L       L258+20,R13; __$fps_count$246
    0000004A 2F42                   MOV.L       R4,@R15
    0000004C DE0E                   MOV.L       L258+24,R14; __$fps$245
          Time.c    40    {
          Time.c    41        static unsigned int fps = 0, fps_count = 0;
          Time.c    42    
          Time.c    43        //fps_wish = 128 / fps_wish;
          Time.c    44    
          Time.c    45        do
    0000004E              L257:                             
          Time.c    46        {
          Time.c    47            fps = time_get_ticks();
    0000004E BFD7                   BSR         _time_get_ticks
    00000050 0009                   NOP
    00000052 2E02                   MOV.L       R0,@R14
          Time.c    48        }
          Time.c    49        while(fps < fps_count+fps_wish);
    00000054 63D2                   MOV.L       @R13,R3
    00000056 62F2                   MOV.L       @R15,R2
    00000058 61E2                   MOV.L       @R14,R1
    0000005A 323C                   ADD         R3,R2
    0000005C 3122                   CMP/HS      R2,R1
    0000005E 8BF6                   BF          L257
          Time.c    50        fps_count = time_get_ticks();
    00000060 BFCE                   BSR         _time_get_ticks
    00000062 0009                   NOP
    00000064 2D02                   MOV.L       R0,@R13
          Time.c    51    }




SH SERIES C/C++ Compiler (Ver. 6.0C)                                                                 13-Jul-2015 16:57:49  PAGE    3


SCT OFFSET   CODE       C LABEL     INSTRUCTION OPERAND    COMMENT

    00000066 7F04                   ADD         #4,R15
    00000068 4F26                   LDS.L       @R15+,PR
    0000006A 6DF6                   MOV.L       @R15+,R13
    0000006C 000B                   RTS
    0000006E 6EF6                   MOV.L       @R15+,R14
    00000070              L258:                             
    00000070 0080                   .DATA.W     H'0080
    00000072 0000                   .DATA.W     0
    00000074 <00000000>             .DATA.L     _sc003ba
    00000078 <00000000>             .DATA.L     __$fps_count$240
    0000007C <00000000>             .DATA.L     __$time$241
    00000080 <00000000>             .DATA.L     __$fps$239
    00000084 <00000000>             .DATA.L     __$fps_count$246
    00000088 <00000000>             .DATA.L     __$fps$245
C   00000000              _sc003ba:                        ; static: sc003ba
    00000000 D201D00242             .DATA.L     H'D201D002,H'422B0009,H'80010070,H'0000003B
             2B00098001   
             0070000000   
             3B           
D   00000000              __$fps$239:                      ; static: fps
    00000000 00000000               .DATA.L     H'00000000
    00000004              __$fps_count$240:                ; static: fps_count
    00000004 00000000               .DATA.L     H'00000000
    00000008              __$time$241:                     ; static: time
    00000008 00000000               .DATA.L     H'00000000
    0000000C              __$fps$245:                      ; static: fps
    0000000C 00000000               .DATA.L     H'00000000
    00000010              __$fps_count$246:                ; static: fps_count
    00000010 00000000               .DATA.L     H'00000000
































SH SERIES C/C++ Compiler (Ver. 6.0C)                                                                 13-Jul-2015 16:57:49  PAGE    1


******** STATISTICS INFORMATION ********


********** ERROR INFORMATION ***********

NUMBER OF ERRORS:           0
NUMBER OF WARNINGS:         0




******* SOURCE LINE INFORMATION ********

COMPILED SOURCE LINE:       51



******* SECTION SIZE INFORMATION *******

PROGRAM  SECTION (P):                               0000008C Byte(s)
CONSTANT SECTION (C):                               00000010 Byte(s)
DATA     SECTION (D):                               00000014 Byte(s)
BSS      SECTION (B):                               00000000 Byte(s)

 TOTAL PROGRAM SIZE: 000000B0 Byte(s)



********** LABEL INFORMATION ***********

NUMBER OF EXTERNAL REFERENCE SYMBOLS:            0
NUMBER OF EXTERNAL DEFINITION SYMBOLS:           4
NUMBER OF INTERNAL/EXTERNAL SYMBOLS:             8






























*** COMMAND PARAMETER ***


  -subcommand=C:\Users\OLIVIE~1\AppData\Local\Temp\hmk998E.tmp 

